[2025-07-28T04:00:33.395Z] [INFO] Using mock Lightning service for development 
[2025-07-28T04:00:33.400Z] [WARN] No Lightning node configured, returning mock invoice 
[2025-07-28T04:02:26.918Z] [INFO] Generating RGB consignment: {
  invoiceId: 'test-1753675346917',
  amount: 700,
  rgbInvoice: 'rgb:YXNzZXRpZDpiaXRj...'
}
[2025-07-28T04:02:27.030Z] [ERROR] RGB API request failed: {
  endpoint: '/transfers/create',
  method: 'POST',
  error: 'fetch failed'
}
[2025-07-28T04:02:27.031Z] [INFO] Retrying RGB operation after 1000ms (attempt 1/3) 
[2025-07-28T04:02:28.035Z] [ERROR] RGB API request failed: {
  endpoint: '/transfers/create',
  method: 'POST',
  error: 'fetch failed'
}
[2025-07-28T04:02:28.035Z] [INFO] Retrying RGB operation after 2000ms (attempt 2/3) 
[2025-07-28T04:02:30.042Z] [ERROR] RGB API request failed: {
  endpoint: '/transfers/create',
  method: 'POST',
  error: 'fetch failed'
}
[2025-07-28T04:02:30.042Z] [ERROR] Failed to create RGB transfer: 
[2025-07-28T04:02:30.043Z] [ERROR] Failed to generate consignment: 
[2025-07-28T04:02:30.048Z] [ERROR] RGB API request failed: {
  endpoint: '/transfers/create',
  method: 'POST',
  error: 'fetch failed'
}
[2025-07-28T04:02:30.048Z] [INFO] Retrying RGB operation after 1000ms (attempt 1/3) 
[2025-07-28T04:02:31.052Z] [ERROR] RGB API request failed: {
  endpoint: '/transfers/create',
  method: 'POST',
  error: 'fetch failed'
}
[2025-07-28T04:02:31.052Z] [INFO] Retrying RGB operation after 2000ms (attempt 2/3) 
[2025-07-28T04:02:33.056Z] [ERROR] RGB API request failed: {
  endpoint: '/transfers/create',
  method: 'POST',
  error: 'fetch failed'
}
[2025-07-28T04:02:33.057Z] [ERROR] Failed to create RGB transfer: 
[2025-07-28T04:07:13.451Z] [INFO] RGB Service running in MOCK mode for development 
[2025-07-28T04:07:13.459Z] [INFO] Generating RGB consignment: {
  invoiceId: 'test-1753675633458',
  amount: 700,
  rgbInvoice: 'rgb:YXNzZXRpZDpiaXRj...'
}
[2025-07-28T04:07:13.462Z] [INFO] [MOCK] RGB transfer created: {
  transferId: 'mock-transfer-e0fc81a8487d4595fed0ea30d2dc3460',
  invoice: 'rgb:YXNzZXRpZDpiaXRjb2luOjI0ZGU=',
  amount: 700
}
[2025-07-28T04:07:13.464Z] [INFO] Consignment generated successfully: {
  invoiceId: 'test-1753675633458',
  transferId: 'mock-transfer-e0fc81a8487d4595fed0ea30d2dc3460',
  consignmentSize: 212
}
[2025-07-28T04:07:13.465Z] [INFO] [MOCK] RGB transfer created: {
  transferId: 'mock-transfer-5e0a5b22c423904aa963a4c8842f9b50',
  invoice: 'rgb:utxob:testblindedutxo123',
  amount: 1400
}
[2025-07-28T04:12:11.828Z] [INFO] RGB Service running in MOCK mode for development 
[2025-07-28T04:12:11.889Z] [INFO] Using mock Lightning service for development 
[2025-07-28T04:12:11.890Z] [WARN] No Lightning node configured, returning mock invoice 
[2025-07-28T04:12:13.896Z] [INFO] Generating RGB consignment: {
  invoiceId: 'test-1753675933896',
  amount: 700,
  rgbInvoice: 'rgb:YXNzZXRpZDpiaXRj...'
}
[2025-07-28T04:12:13.897Z] [INFO] [MOCK] RGB transfer created: {
  transferId: 'mock-transfer-485a920646d20c5a1502ed71accefc42',
  invoice: 'rgb:YXNzZXRpZDpiaXRjb2luOjI0ZGU=',
  amount: 700
}
[2025-07-28T04:12:13.897Z] [INFO] Consignment generated successfully: {
  invoiceId: 'test-1753675933896',
  transferId: 'mock-transfer-485a920646d20c5a1502ed71accefc42',
  consignmentSize: 212
}
